<?xml version="1.0" encoding="UTF-8"?>
<!-- Generated by org.testng.reporters.JUnitReportReporter -->
<testsuite hostname="HEMSEY" name="com.softserve.rest.client.BookClientRESTTest" tests="1" failures="0" timestamp="26 Feb 2016 13:06:10 GMT" time="0.315" errors="0">
  <testcase name="findBook" time="0.315" classname="com.softserve.rest.client.BookClientRESTTest"/>
</testsuite> <!-- com.softserve.rest.client.BookClientRESTTest -->
