<?xml version="1.0" encoding="UTF-8"?>
<!-- Generated by org.testng.reporters.JUnitReportReporter -->
<testsuite hostname="HEMSEY" name="com.softserve.manager.test.AuthorTest" tests="2" failures="0" timestamp="26 Feb 2016 13:22:00 GMT" time="1.528" errors="0">
  <testcase name="remove" time="1.196" classname="com.softserve.manager.test.AuthorTest"/>
  <testcase name="update" time="0.332" classname="com.softserve.manager.test.AuthorTest"/>
</testsuite> <!-- com.softserve.manager.test.AuthorTest -->
