<?xml version="1.0" encoding="UTF-8"?>
<!-- Generated by org.testng.reporters.JUnitReportReporter -->
<testsuite hostname="HEMSEY" name="com.softserve.manager.test.BookTest" tests="3" failures="0" timestamp="26 Feb 2016 13:22:00 GMT" time="1.618" errors="0">
  <testcase name="create" time="0.997" classname="com.softserve.manager.test.BookTest"/>
  <testcase name="remove" time="0.366" classname="com.softserve.manager.test.BookTest"/>
  <testcase name="update" time="0.255" classname="com.softserve.manager.test.BookTest"/>
</testsuite> <!-- com.softserve.manager.test.BookTest -->
