<?xml version="1.0" encoding="UTF-8"?>
<!-- Generated by org.testng.reporters.JUnitReportReporter -->
<testsuite hostname="HEMSEY" name="com.softserve.manager.test.ReviewTest" tests="2" failures="0" timestamp="26 Feb 2016 13:22:00 GMT" time="0.916" errors="0">
  <testcase name="update" time="0.254" classname="com.softserve.manager.test.ReviewTest"/>
  <testcase name="remove" time="0.662" classname="com.softserve.manager.test.ReviewTest"/>
</testsuite> <!-- com.softserve.manager.test.ReviewTest -->
