<?xml version="1.0" encoding="UTF-8"?>
<!-- Generated by org.testng.reporters.JUnitReportReporter -->
<testsuite hostname="HEMSEY" name="com.softserve.test.service.ReviewTest" tests="1" failures="0" timestamp="23 Feb 2016 15:22:21 GMT" time="0.352" errors="0">
  <testcase name="crudManager" time="0.352" classname="com.softserve.test.service.ReviewTest"/>
</testsuite> <!-- com.softserve.test.service.ReviewTest -->
