<?xml version="1.0" encoding="UTF-8"?>
<!-- Generated by org.testng.reporters.JUnitReportReporter -->
<testsuite hostname="HEMSEY" name="com.softserve.manager.test.BookTest" tests="3" failures="0" timestamp="26 Feb 2016 16:46:26 GMT" time="1.649" errors="0">
  <testcase name="update" time="0.246" classname="com.softserve.manager.test.BookTest"/>
  <testcase name="remove" time="0.370" classname="com.softserve.manager.test.BookTest"/>
  <testcase name="create" time="1.033" classname="com.softserve.manager.test.BookTest"/>
</testsuite> <!-- com.softserve.manager.test.BookTest -->
