<?xml version="1.0" encoding="UTF-8"?>
<!-- Generated by org.testng.reporters.JUnitReportReporter -->
<testsuite hostname="HEMSEY" name="com.softserve.manager.test.ReviewTest" tests="3" failures="0" timestamp="26 Feb 2016 14:04:26 GMT" time="1.363" errors="0">
  <testcase name="remove" time="0.258" classname="com.softserve.manager.test.ReviewTest"/>
  <testcase name="create" time="0.888" classname="com.softserve.manager.test.ReviewTest"/>
  <testcase name="update" time="0.217" classname="com.softserve.manager.test.ReviewTest"/>
</testsuite> <!-- com.softserve.manager.test.ReviewTest -->
